# JRE version: Java(TM) SE Runtime Environment (7.0_55-b13) (build 1.7.0_55-b13)
# Java VM: Java HotSpot(TM) 64-Bit Server VM (24.55-b03 mixed mode windows-amd64 compressed oops)
Heap
 PSYoungGen      total 285696K, used 177976K [0x00000000eaa80000, 0x00000000ff280000, 0x0000000100000000)
  eden space 238592K, 74% used [0x00000000eaa80000,0x00000000f584e1e0,0x00000000f9380000)
  from space 47104K, 0% used [0x00000000fc280000,0x00000000fc280000,0x00000000ff080000)
  to   space 48128K, 0% used [0x00000000f9380000,0x00000000f9380000,0x00000000fc280000)
 ParOldGen       total 130048K, used 76447K [0x00000000c0000000, 0x00000000c7f00000, 0x00000000eaa80000)
  object space 130048K, 58% used [0x00000000c0000000,0x00000000c4aa7f08,0x00000000c7f00000)
 PSPermGen       total 111104K, used 76968K [0x00000000b0000000, 0x00000000b6c80000, 0x00000000c0000000)
  object space 111104K, 69% used [0x00000000b0000000,0x00000000b4b2a308,0x00000000b6c80000)
GC Heap History (10 events):
Event: 3824.206 GC heap before
{Heap before GC invocations=17 (full 4):
 PSYoungGen      total 304128K, used 24291K [0x00000000eaa80000, 0x00000000fff00000, 0x0000000100000000)
  eden space 260608K, 0% used [0x00000000eaa80000,0x00000000eaa80000,0x00000000fa900000)
  from space 43520K, 55% used [0x00000000fa900000,0x00000000fc0b8f40,0x00000000fd380000)
  to   space 42496K, 0% used [0x00000000fd580000,0x00000000fd580000,0x00000000fff00000)
 ParOldGen       total 130048K, used 51753K [0x00000000c0000000, 0x00000000c7f00000, 0x00000000eaa80000)
  object space 130048K, 39% used [0x00000000c0000000,0x00000000c328a798,0x00000000c7f00000)
 PSPermGen       total 115712K, used 77123K [0x00000000b0000000, 0x00000000b7100000, 0x00000000c0000000)
  object space 115712K, 66% used [0x00000000b0000000,0x00000000b4b50d40,0x00000000b7100000)
Event: 3824.818 GC heap after
Heap after GC invocations=17 (full 4):
 PSYoungGen      total 304128K, used 0K [0x00000000eaa80000, 0x00000000fff00000, 0x0000000100000000)
  eden space 260608K, 0% used [0x00000000eaa80000,0x00000000eaa80000,0x00000000fa900000)
  from space 43520K, 0% used [0x00000000fa900000,0x00000000fa900000,0x00000000fd380000)
  to   space 42496K, 0% used [0x00000000fd580000,0x00000000fd580000,0x00000000fff00000)
 ParOldGen       total 130048K, used 44302K [0x00000000c0000000, 0x00000000c7f00000, 0x00000000eaa80000)
  object space 130048K, 34% used [0x00000000c0000000,0x00000000c2b43b30,0x00000000c7f00000)
 PSPermGen       total 96256K, used 51047K [0x00000000b0000000, 0x00000000b5e00000, 0x00000000c0000000)
  object space 96256K, 53% used [0x00000000b0000000,0x00000000b31d9e20,0x00000000b5e00000)
}
Event: 3919.820 GC heap before
{Heap before GC invocations=18 (full 4):
 PSYoungGen      total 304128K, used 260608K [0x00000000eaa80000, 0x00000000fff00000, 0x0000000100000000)
  eden space 260608K, 100% used [0x00000000eaa80000,0x00000000fa900000,0x00000000fa900000)
  from space 43520K, 0% used [0x00000000fa900000,0x00000000fa900000,0x00000000fd380000)
  to   space 42496K, 0% used [0x00000000fd580000,0x00000000fd580000,0x00000000fff00000)
 ParOldGen       total 130048K, used 44302K [0x00000000c0000000, 0x00000000c7f00000, 0x00000000eaa80000)
  object space 130048K, 34% used [0x00000000c0000000,0x00000000c2b43b30,0x00000000c7f00000)
 PSPermGen       total 96256K, used 60124K [0x00000000b0000000, 0x00000000b5e00000, 0x00000000c0000000)
  object space 96256K, 62% used [0x00000000b0000000,0x00000000b3ab70e0,0x00000000b5e00000)
Event: 3919.948 GC heap after
Heap after GC invocations=18 (full 4):
 PSYoungGen      total 285184K, used 35179K [0x00000000eaa80000, 0x00000000ff800000, 0x0000000100000000)
  eden space 249856K, 0% used [0x00000000eaa80000,0x00000000eaa80000,0x00000000f9e80000)
  from space 35328K, 99% used [0x00000000fd580000,0x00000000ff7dac18,0x00000000ff800000)
  to   space 45056K, 0% used [0x00000000fa000000,0x00000000fa000000,0x00000000fcc00000)
 ParOldGen       total 130048K, used 44302K [0x00000000c0000000, 0x00000000c7f00000, 0x00000000eaa80000)
  object space 130048K, 34% used [0x00000000c0000000,0x00000000c2b43b30,0x00000000c7f00000)
 PSPermGen       total 96256K, used 60124K [0x00000000b0000000, 0x00000000b5e00000, 0x00000000c0000000)
  object space 96256K, 62% used [0x00000000b0000000,0x00000000b3ab70e0,0x00000000b5e00000)
}
Event: 3939.661 GC heap before
{Heap before GC invocations=19 (full 4):
 PSYoungGen      total 285184K, used 285035K [0x00000000eaa80000, 0x00000000ff800000, 0x0000000100000000)
  eden space 249856K, 100% used [0x00000000eaa80000,0x00000000f9e80000,0x00000000f9e80000)
  from space 35328K, 99% used [0x00000000fd580000,0x00000000ff7dac18,0x00000000ff800000)
  to   space 45056K, 0% used [0x00000000fa000000,0x00000000fa000000,0x00000000fcc00000)
 ParOldGen       total 130048K, used 44302K [0x00000000c0000000, 0x00000000c7f00000, 0x00000000eaa80000)
  object space 130048K, 34% used [0x00000000c0000000,0x00000000c2b43b30,0x00000000c7f00000)
 PSPermGen       total 96256K, used 69744K [0x00000000b0000000, 0x00000000b5e00000, 0x00000000c0000000)
  object space 96256K, 72% used [0x00000000b0000000,0x00000000b441c320,0x00000000b5e00000)
Event: 3939.754 GC heap after
Heap after GC invocations=19 (full 4):
 PSYoungGen      total 273920K, used 34090K [0x00000000eaa80000, 0x00000000ff080000, 0x0000000100000000)
  eden space 239616K, 0% used [0x00000000eaa80000,0x00000000eaa80000,0x00000000f9480000)
  from space 34304K, 99% used [0x00000000fa000000,0x00000000fc14a8f8,0x00000000fc180000)
  to   space 47104K, 0% used [0x00000000fc280000,0x00000000fc280000,0x00000000ff080000)
 ParOldGen       total 130048K, used 69445K [0x00000000c0000000, 0x00000000c7f00000, 0x00000000eaa80000)
  object space 130048K, 53% used [0x00000000c0000000,0x00000000c43d1620,0x00000000c7f00000)
 PSPermGen       total 96256K, used 69744K [0x00000000b0000000, 0x00000000b5e00000, 0x00000000c0000000)
  object space 96256K, 72% used [0x00000000b0000000,0x00000000b441c320,0x00000000b5e00000)
}
Event: 3945.905 GC heap before
{Heap before GC invocations=20 (full 4):
 PSYoungGen      total 273920K, used 109089K [0x00000000eaa80000, 0x00000000ff080000, 0x0000000100000000)
  eden space 239616K, 31% used [0x00000000eaa80000,0x00000000ef3bdcc0,0x00000000f9480000)
  from space 34304K, 99% used [0x00000000fa000000,0x00000000fc14a8f8,0x00000000fc180000)
  to   space 47104K, 0% used [0x00000000fc280000,0x00000000fc280000,0x00000000ff080000)
 ParOldGen       total 130048K, used 69445K [0x00000000c0000000, 0x00000000c7f00000, 0x00000000eaa80000)
  object space 130048K, 53% used [0x00000000c0000000,0x00000000c43d1620,0x00000000c7f00000)
 PSPermGen       total 96256K, used 70862K [0x00000000b0000000, 0x00000000b5e00000, 0x00000000c0000000)
  object space 96256K, 73% used [0x00000000b0000000,0x00000000b4533bd8,0x00000000b5e00000)
Event: 3945.945 GC heap after
Heap after GC invocations=20 (full 4):
 PSYoungGen      total 285696K, used 4286K [0x00000000eaa80000, 0x00000000ff280000, 0x0000000100000000)
  eden space 238592K, 0% used [0x00000000eaa80000,0x00000000eaa80000,0x00000000f9380000)
  from space 47104K, 9% used [0x00000000fc280000,0x00000000fc6afab8,0x00000000ff080000)
  to   space 48128K, 0% used [0x00000000f9380000,0x00000000f9380000,0x00000000fc280000)
 ParOldGen       total 130048K, used 93709K [0x00000000c0000000, 0x00000000c7f00000, 0x00000000eaa80000)
  object space 130048K, 72% used [0x00000000c0000000,0x00000000c5b836f8,0x00000000c7f00000)
 PSPermGen       total 96256K, used 70862K [0x00000000b0000000, 0x00000000b5e00000, 0x00000000c0000000)
  object space 96256K, 73% used [0x00000000b0000000,0x00000000b4533bd8,0x00000000b5e00000)
}
Event: 3945.945 GC heap before
{Heap before GC invocations=21 (full 5):
 PSYoungGen      total 285696K, used 4286K [0x00000000eaa80000, 0x00000000ff280000, 0x0000000100000000)
  eden space 238592K, 0% used [0x00000000eaa80000,0x00000000eaa80000,0x00000000f9380000)
  from space 47104K, 9% used [0x00000000fc280000,0x00000000fc6afab8,0x00000000ff080000)
  to   space 48128K, 0% used [0x00000000f9380000,0x00000000f9380000,0x00000000fc280000)
 ParOldGen       total 130048K, used 93709K [0x00000000c0000000, 0x00000000c7f00000, 0x00000000eaa80000)
  object space 130048K, 72% used [0x00000000c0000000,0x00000000c5b836f8,0x00000000c7f00000)
 PSPermGen       total 96256K, used 70862K [0x00000000b0000000, 0x00000000b5e00000, 0x00000000c0000000)
  object space 96256K, 73% used [0x00000000b0000000,0x00000000b4533bd8,0x00000000b5e00000)
Event: 3947.081 GC heap after
Heap after GC invocations=21 (full 5):
 PSYoungGen      total 285696K, used 0K [0x00000000eaa80000, 0x00000000ff280000, 0x0000000100000000)
  eden space 238592K, 0% used [0x00000000eaa80000,0x00000000eaa80000,0x00000000f9380000)
  from space 47104K, 0% used [0x00000000fc280000,0x00000000fc280000,0x00000000ff080000)
  to   space 48128K, 0% used [0x00000000f9380000,0x00000000f9380000,0x00000000fc280000)
 ParOldGen       total 130048K, used 76447K [0x00000000c0000000, 0x00000000c7f00000, 0x00000000eaa80000)
  object space 130048K, 58% used [0x00000000c0000000,0x00000000c4aa7f08,0x00000000c7f00000)
 PSPermGen       total 111104K, used 70829K [0x00000000b0000000, 0x00000000b6c80000, 0x00000000c0000000)
  object space 111104K, 63% used [0x00000000b0000000,0x00000000b452b6e8,0x00000000b6c80000)
}

