# JRE version: Java(TM) SE Runtime Environment (7.0_55-b13) (build 1.7.0_55-b13)
# Java VM: Java HotSpot(TM) 64-Bit Server VM (24.55-b03 mixed mode windows-amd64 compressed oops)
Heap
 PSYoungGen      total 220160K, used 185819K [0x00000000eaa80000, 0x00000000f9d80000, 0x0000000100000000)
  eden space 193024K, 96% used [0x00000000eaa80000,0x00000000f5ff6d10,0x00000000f6700000)
  from space 27136K, 0% used [0x00000000f6700000,0x00000000f6700000,0x00000000f8180000)
  to   space 26624K, 0% used [0x00000000f8380000,0x00000000f8380000,0x00000000f9d80000)
 ParOldGen       total 130048K, used 44369K [0x00000000c0000000, 0x00000000c7f00000, 0x00000000eaa80000)
  object space 130048K, 34% used [0x00000000c0000000,0x00000000c2b544a8,0x00000000c7f00000)
 PSPermGen       total 78336K, used 45285K [0x00000000b0000000, 0x00000000b4c80000, 0x00000000c0000000)
  object space 78336K, 57% used [0x00000000b0000000,0x00000000b2c39520,0x00000000b4c80000)
GC Heap History (10 events):
Event: 38.295 GC heap before
{Heap before GC invocations=6 (full 0):
 PSYoungGen      total 57344K, used 57312K [0x00000000eaa80000, 0x00000000f2a80000, 0x0000000100000000)
  eden space 49664K, 100% used [0x00000000eaa80000,0x00000000edb00000,0x00000000edb00000)
  from space 7680K, 99% used [0x00000000edb00000,0x00000000ee278020,0x00000000ee280000)
  to   space 15872K, 0% used [0x00000000f1b00000,0x00000000f1b00000,0x00000000f2a80000)
 ParOldGen       total 130048K, used 16392K [0x00000000c0000000, 0x00000000c7f00000, 0x00000000eaa80000)
  object space 130048K, 12% used [0x00000000c0000000,0x00000000c1002018,0x00000000c7f00000)
 PSPermGen       total 27648K, used 27604K [0x00000000b0000000, 0x00000000b1b00000, 0x00000000c0000000)
  object space 27648K, 99% used [0x00000000b0000000,0x00000000b1af53e0,0x00000000b1b00000)
Event: 38.407 GC heap after
Heap after GC invocations=6 (full 0):
 PSYoungGen      total 113664K, used 14454K [0x00000000eaa80000, 0x00000000f2d80000, 0x0000000100000000)
  eden space 97792K, 0% used [0x00000000eaa80000,0x00000000eaa80000,0x00000000f0a00000)
  from space 15872K, 91% used [0x00000000f1b00000,0x00000000f291dbe8,0x00000000f2a80000)
  to   space 17408K, 0% used [0x00000000f0a00000,0x00000000f0a00000,0x00000000f1b00000)
 ParOldGen       total 130048K, used 16392K [0x00000000c0000000, 0x00000000c7f00000, 0x00000000eaa80000)
  object space 130048K, 12% used [0x00000000c0000000,0x00000000c1002018,0x00000000c7f00000)
 PSPermGen       total 27648K, used 27604K [0x00000000b0000000, 0x00000000b1b00000, 0x00000000c0000000)
  object space 27648K, 99% used [0x00000000b0000000,0x00000000b1af53e0,0x00000000b1b00000)
}
Event: 42.651 GC heap before
{Heap before GC invocations=7 (full 0):
 PSYoungGen      total 113664K, used 112246K [0x00000000eaa80000, 0x00000000f2d80000, 0x0000000100000000)
  eden space 97792K, 100% used [0x00000000eaa80000,0x00000000f0a00000,0x00000000f0a00000)
  from space 15872K, 91% used [0x00000000f1b00000,0x00000000f291dbe8,0x00000000f2a80000)
  to   space 17408K, 0% used [0x00000000f0a00000,0x00000000f0a00000,0x00000000f1b00000)
 ParOldGen       total 130048K, used 16392K [0x00000000c0000000, 0x00000000c7f00000, 0x00000000eaa80000)
  object space 130048K, 12% used [0x00000000c0000000,0x00000000c1002018,0x00000000c7f00000)
 PSPermGen       total 32256K, used 31918K [0x00000000b0000000, 0x00000000b1f80000, 0x00000000c0000000)
  object space 32256K, 98% used [0x00000000b0000000,0x00000000b1f2b968,0x00000000b1f80000)
Event: 42.813 GC heap after
Heap after GC invocations=7 (full 0):
 PSYoungGen      total 115200K, used 17405K [0x00000000eaa80000, 0x00000000f9980000, 0x0000000100000000)
  eden space 97792K, 0% used [0x00000000eaa80000,0x00000000eaa80000,0x00000000f0a00000)
  from space 17408K, 99% used [0x00000000f0a00000,0x00000000f1aff6e0,0x00000000f1b00000)
  to   space 24576K, 0% used [0x00000000f8180000,0x00000000f8180000,0x00000000f9980000)
 ParOldGen       total 130048K, used 26712K [0x00000000c0000000, 0x00000000c7f00000, 0x00000000eaa80000)
  object space 130048K, 20% used [0x00000000c0000000,0x00000000c1a16290,0x00000000c7f00000)
 PSPermGen       total 32256K, used 31918K [0x00000000b0000000, 0x00000000b1f80000, 0x00000000c0000000)
  object space 32256K, 98% used [0x00000000b0000000,0x00000000b1f2b968,0x00000000b1f80000)
}
Event: 63.401 GC heap before
{Heap before GC invocations=8 (full 0):
 PSYoungGen      total 115200K, used 115197K [0x00000000eaa80000, 0x00000000f9980000, 0x0000000100000000)
  eden space 97792K, 100% used [0x00000000eaa80000,0x00000000f0a00000,0x00000000f0a00000)
  from space 17408K, 99% used [0x00000000f0a00000,0x00000000f1aff6e0,0x00000000f1b00000)
  to   space 24576K, 0% used [0x00000000f8180000,0x00000000f8180000,0x00000000f9980000)
 ParOldGen       total 130048K, used 26712K [0x00000000c0000000, 0x00000000c7f00000, 0x00000000eaa80000)
  object space 130048K, 20% used [0x00000000c0000000,0x00000000c1a16290,0x00000000c7f00000)
 PSPermGen       total 37888K, used 37845K [0x00000000b0000000, 0x00000000b2500000, 0x00000000c0000000)
  object space 37888K, 99% used [0x00000000b0000000,0x00000000b24f5740,0x00000000b2500000)
Event: 63.512 GC heap after
Heap after GC invocations=8 (full 0):
 PSYoungGen      total 217600K, used 22019K [0x00000000eaa80000, 0x00000000f9e80000, 0x0000000100000000)
  eden space 193024K, 0% used [0x00000000eaa80000,0x00000000eaa80000,0x00000000f6700000)
  from space 24576K, 89% used [0x00000000f8180000,0x00000000f9700f98,0x00000000f9980000)
  to   space 27136K, 0% used [0x00000000f6700000,0x00000000f6700000,0x00000000f8180000)
 ParOldGen       total 130048K, used 29699K [0x00000000c0000000, 0x00000000c7f00000, 0x00000000eaa80000)
  object space 130048K, 22% used [0x00000000c0000000,0x00000000c1d00e18,0x00000000c7f00000)
 PSPermGen       total 37888K, used 37845K [0x00000000b0000000, 0x00000000b2500000, 0x00000000c0000000)
  object space 37888K, 99% used [0x00000000b0000000,0x00000000b24f5740,0x00000000b2500000)
}
Event: 68.059 GC heap before
{Heap before GC invocations=9 (full 0):
 PSYoungGen      total 217600K, used 55328K [0x00000000eaa80000, 0x00000000f9e80000, 0x0000000100000000)
  eden space 193024K, 17% used [0x00000000eaa80000,0x00000000ecb071c0,0x00000000f6700000)
  from space 24576K, 89% used [0x00000000f8180000,0x00000000f9700f98,0x00000000f9980000)
  to   space 27136K, 0% used [0x00000000f6700000,0x00000000f6700000,0x00000000f8180000)
 ParOldGen       total 130048K, used 29699K [0x00000000c0000000, 0x00000000c7f00000, 0x00000000eaa80000)
  object space 130048K, 22% used [0x00000000c0000000,0x00000000c1d00e18,0x00000000c7f00000)
 PSPermGen       total 39424K, used 39059K [0x00000000b0000000, 0x00000000b2680000, 0x00000000c0000000)
  object space 39424K, 99% used [0x00000000b0000000,0x00000000b2624d68,0x00000000b2680000)
Event: 68.125 GC heap after
Heap after GC invocations=9 (full 0):
 PSYoungGen      total 220160K, used 16327K [0x00000000eaa80000, 0x00000000f9d80000, 0x0000000100000000)
  eden space 193024K, 0% used [0x00000000eaa80000,0x00000000eaa80000,0x00000000f6700000)
  from space 27136K, 60% used [0x00000000f6700000,0x00000000f76f1cb8,0x00000000f8180000)
  to   space 26624K, 0% used [0x00000000f8380000,0x00000000f8380000,0x00000000f9d80000)
 ParOldGen       total 130048K, used 35863K [0x00000000c0000000, 0x00000000c7f00000, 0x00000000eaa80000)
  object space 130048K, 27% used [0x00000000c0000000,0x00000000c2305e28,0x00000000c7f00000)
 PSPermGen       total 39424K, used 39059K [0x00000000b0000000, 0x00000000b2680000, 0x00000000c0000000)
  object space 39424K, 99% used [0x00000000b0000000,0x00000000b2624d68,0x00000000b2680000)
}
Event: 68.125 GC heap before
{Heap before GC invocations=10 (full 1):
 PSYoungGen      total 220160K, used 16327K [0x00000000eaa80000, 0x00000000f9d80000, 0x0000000100000000)
  eden space 193024K, 0% used [0x00000000eaa80000,0x00000000eaa80000,0x00000000f6700000)
  from space 27136K, 60% used [0x00000000f6700000,0x00000000f76f1cb8,0x00000000f8180000)
  to   space 26624K, 0% used [0x00000000f8380000,0x00000000f8380000,0x00000000f9d80000)
 ParOldGen       total 130048K, used 35863K [0x00000000c0000000, 0x00000000c7f00000, 0x00000000eaa80000)
  object space 130048K, 27% used [0x00000000c0000000,0x00000000c2305e28,0x00000000c7f00000)
 PSPermGen       total 39424K, used 39059K [0x00000000b0000000, 0x00000000b2680000, 0x00000000c0000000)
  object space 39424K, 99% used [0x00000000b0000000,0x00000000b2624d68,0x00000000b2680000)
Event: 69.125 GC heap after
Heap after GC invocations=10 (full 1):
 PSYoungGen      total 220160K, used 0K [0x00000000eaa80000, 0x00000000f9d80000, 0x0000000100000000)
  eden space 193024K, 0% used [0x00000000eaa80000,0x00000000eaa80000,0x00000000f6700000)
  from space 27136K, 0% used [0x00000000f6700000,0x00000000f6700000,0x00000000f8180000)
  to   space 26624K, 0% used [0x00000000f8380000,0x00000000f8380000,0x00000000f9d80000)
 ParOldGen       total 130048K, used 44369K [0x00000000c0000000, 0x00000000c7f00000, 0x00000000eaa80000)
  object space 130048K, 34% used [0x00000000c0000000,0x00000000c2b544a8,0x00000000c7f00000)
 PSPermGen       total 78336K, used 39037K [0x00000000b0000000, 0x00000000b4c80000, 0x00000000c0000000)
  object space 78336K, 49% used [0x00000000b0000000,0x00000000b261f7e0,0x00000000b4c80000)
}

