# JRE version: Java(TM) SE Runtime Environment (7.0_55-b13) (build 1.7.0_55-b13)
# Java VM: Java HotSpot(TM) 64-Bit Server VM (24.55-b03 mixed mode windows-amd64 compressed oops)
Heap
 PSYoungGen      total 287744K, used 184216K [0x00000000eaa80000, 0x0000000100000000, 0x0000000100000000)
  eden space 285184K, 64% used [0x00000000eaa80000,0x00000000f5e66320,0x00000000fc100000)
  from space 2560K, 0% used [0x00000000fc100000,0x00000000fc100000,0x00000000fc380000)
  to   space 33280K, 0% used [0x00000000fdf80000,0x00000000fdf80000,0x0000000100000000)
 ParOldGen       total 130048K, used 71422K [0x00000000c0000000, 0x00000000c7f00000, 0x00000000eaa80000)
  object space 130048K, 54% used [0x00000000c0000000,0x00000000c45bfa08,0x00000000c7f00000)
 PSPermGen       total 98304K, used 59532K [0x00000000b0000000, 0x00000000b6000000, 0x00000000c0000000)
  object space 98304K, 60% used [0x00000000b0000000,0x00000000b3a23058,0x00000000b6000000)
GC Heap History (10 events):
Event: 315.732 GC heap before
{Heap before GC invocations=10 (full 1):
 PSYoungGen      total 228352K, used 60716K [0x00000000eaa80000, 0x0000000100000000, 0x0000000100000000)
  eden space 197632K, 19% used [0x00000000eaa80000,0x00000000ecf35678,0x00000000f6b80000)
  from space 30720K, 75% used [0x00000000f8a80000,0x00000000fa115c88,0x00000000fa880000)
  to   space 31744K, 0% used [0x00000000f6b80000,0x00000000f6b80000,0x00000000f8a80000)
 ParOldGen       total 130048K, used 41239K [0x00000000c0000000, 0x00000000c7f00000, 0x00000000eaa80000)
  object space 130048K, 31% used [0x00000000c0000000,0x00000000c2845e40,0x00000000c7f00000)
 PSPermGen       total 78336K, used 46366K [0x00000000b0000000, 0x00000000b4c80000, 0x00000000c0000000)
  object space 78336K, 59% used [0x00000000b0000000,0x00000000b2d479a0,0x00000000b4c80000)
Event: 315.769 GC heap after
Heap after GC invocations=10 (full 1):
 PSYoungGen      total 229376K, used 18136K [0x00000000eaa80000, 0x0000000100000000, 0x0000000100000000)
  eden space 197632K, 0% used [0x00000000eaa80000,0x00000000eaa80000,0x00000000f6b80000)
  from space 31744K, 57% used [0x00000000f6b80000,0x00000000f7d362f0,0x00000000f8a80000)
  to   space 30720K, 0% used [0x00000000fe200000,0x00000000fe200000,0x0000000100000000)
 ParOldGen       total 130048K, used 41239K [0x00000000c0000000, 0x00000000c7f00000, 0x00000000eaa80000)
  object space 130048K, 31% used [0x00000000c0000000,0x00000000c2845e40,0x00000000c7f00000)
 PSPermGen       total 78336K, used 46366K [0x00000000b0000000, 0x00000000b4c80000, 0x00000000c0000000)
  object space 78336K, 59% used [0x00000000b0000000,0x00000000b2d479a0,0x00000000b4c80000)
}
Event: 315.769 GC heap before
{Heap before GC invocations=11 (full 2):
 PSYoungGen      total 229376K, used 18136K [0x00000000eaa80000, 0x0000000100000000, 0x0000000100000000)
  eden space 197632K, 0% used [0x00000000eaa80000,0x00000000eaa80000,0x00000000f6b80000)
  from space 31744K, 57% used [0x00000000f6b80000,0x00000000f7d362f0,0x00000000f8a80000)
  to   space 30720K, 0% used [0x00000000fe200000,0x00000000fe200000,0x0000000100000000)
 ParOldGen       total 130048K, used 41239K [0x00000000c0000000, 0x00000000c7f00000, 0x00000000eaa80000)
  object space 130048K, 31% used [0x00000000c0000000,0x00000000c2845e40,0x00000000c7f00000)
 PSPermGen       total 78336K, used 46366K [0x00000000b0000000, 0x00000000b4c80000, 0x00000000c0000000)
  object space 78336K, 59% used [0x00000000b0000000,0x00000000b2d479a0,0x00000000b4c80000)
Event: 317.021 GC heap after
Heap after GC invocations=11 (full 2):
 PSYoungGen      total 229376K, used 0K [0x00000000eaa80000, 0x0000000100000000, 0x0000000100000000)
  eden space 197632K, 0% used [0x00000000eaa80000,0x00000000eaa80000,0x00000000f6b80000)
  from space 31744K, 0% used [0x00000000f6b80000,0x00000000f6b80000,0x00000000f8a80000)
  to   space 30720K, 0% used [0x00000000fe200000,0x00000000fe200000,0x0000000100000000)
 ParOldGen       total 130048K, used 54870K [0x00000000c0000000, 0x00000000c7f00000, 0x00000000eaa80000)
  object space 130048K, 42% used [0x00000000c0000000,0x00000000c3595928,0x00000000c7f00000)
 PSPermGen       total 93696K, used 46361K [0x00000000b0000000, 0x00000000b5b80000, 0x00000000c0000000)
  object space 93696K, 49% used [0x00000000b0000000,0x00000000b2d464b0,0x00000000b5b80000)
}
Event: 510.487 GC heap before
{Heap before GC invocations=12 (full 2):
 PSYoungGen      total 229376K, used 197632K [0x00000000eaa80000, 0x0000000100000000, 0x0000000100000000)
  eden space 197632K, 100% used [0x00000000eaa80000,0x00000000f6b80000,0x00000000f6b80000)
  from space 31744K, 0% used [0x00000000f6b80000,0x00000000f6b80000,0x00000000f8a80000)
  to   space 30720K, 0% used [0x00000000fe200000,0x00000000fe200000,0x0000000100000000)
 ParOldGen       total 130048K, used 54870K [0x00000000c0000000, 0x00000000c7f00000, 0x00000000eaa80000)
  object space 130048K, 42% used [0x00000000c0000000,0x00000000c3595928,0x00000000c7f00000)
 PSPermGen       total 93696K, used 52569K [0x00000000b0000000, 0x00000000b5b80000, 0x00000000c0000000)
  object space 93696K, 56% used [0x00000000b0000000,0x00000000b3356780,0x00000000b5b80000)
Event: 510.583 GC heap after
Heap after GC invocations=12 (full 2):
 PSYoungGen      total 315904K, used 23973K [0x00000000eaa80000, 0x0000000100000000, 0x0000000100000000)
  eden space 285184K, 0% used [0x00000000eaa80000,0x00000000eaa80000,0x00000000fc100000)
  from space 30720K, 78% used [0x00000000fe200000,0x00000000ff969748,0x0000000100000000)
  to   space 32256K, 0% used [0x00000000fc100000,0x00000000fc100000,0x00000000fe080000)
 ParOldGen       total 130048K, used 54870K [0x00000000c0000000, 0x00000000c7f00000, 0x00000000eaa80000)
  object space 130048K, 42% used [0x00000000c0000000,0x00000000c3595928,0x00000000c7f00000)
 PSPermGen       total 93696K, used 52569K [0x00000000b0000000, 0x00000000b5b80000, 0x00000000c0000000)
  object space 93696K, 56% used [0x00000000b0000000,0x00000000b3356780,0x00000000b5b80000)
}
Event: 512.380 GC heap before
{Heap before GC invocations=13 (full 2):
 PSYoungGen      total 315904K, used 51847K [0x00000000eaa80000, 0x0000000100000000, 0x0000000100000000)
  eden space 285184K, 9% used [0x00000000eaa80000,0x00000000ec5b87b8,0x00000000fc100000)
  from space 30720K, 78% used [0x00000000fe200000,0x00000000ff969748,0x0000000100000000)
  to   space 32256K, 0% used [0x00000000fc100000,0x00000000fc100000,0x00000000fe080000)
 ParOldGen       total 130048K, used 54870K [0x00000000c0000000, 0x00000000c7f00000, 0x00000000eaa80000)
  object space 130048K, 42% used [0x00000000c0000000,0x00000000c3595928,0x00000000c7f00000)
 PSPermGen       total 93696K, used 53447K [0x00000000b0000000, 0x00000000b5b80000, 0x00000000c0000000)
  object space 93696K, 57% used [0x00000000b0000000,0x00000000b3431f58,0x00000000b5b80000)
Event: 512.447 GC heap after
Heap after GC invocations=13 (full 2):
 PSYoungGen      total 287744K, used 2256K [0x00000000eaa80000, 0x0000000100000000, 0x0000000100000000)
  eden space 285184K, 0% used [0x00000000eaa80000,0x00000000eaa80000,0x00000000fc100000)
  from space 2560K, 88% used [0x00000000fc100000,0x00000000fc3342d8,0x00000000fc380000)
  to   space 33280K, 0% used [0x00000000fdf80000,0x00000000fdf80000,0x0000000100000000)
 ParOldGen       total 130048K, used 70630K [0x00000000c0000000, 0x00000000c7f00000, 0x00000000eaa80000)
  object space 130048K, 54% used [0x00000000c0000000,0x00000000c44f9820,0x00000000c7f00000)
 PSPermGen       total 93696K, used 53447K [0x00000000b0000000, 0x00000000b5b80000, 0x00000000c0000000)
  object space 93696K, 57% used [0x00000000b0000000,0x00000000b3431f58,0x00000000b5b80000)
}
Event: 512.447 GC heap before
{Heap before GC invocations=14 (full 3):
 PSYoungGen      total 287744K, used 2256K [0x00000000eaa80000, 0x0000000100000000, 0x0000000100000000)
  eden space 285184K, 0% used [0x00000000eaa80000,0x00000000eaa80000,0x00000000fc100000)
  from space 2560K, 88% used [0x00000000fc100000,0x00000000fc3342d8,0x00000000fc380000)
  to   space 33280K, 0% used [0x00000000fdf80000,0x00000000fdf80000,0x0000000100000000)
 ParOldGen       total 130048K, used 70630K [0x00000000c0000000, 0x00000000c7f00000, 0x00000000eaa80000)
  object space 130048K, 54% used [0x00000000c0000000,0x00000000c44f9820,0x00000000c7f00000)
 PSPermGen       total 93696K, used 53447K [0x00000000b0000000, 0x00000000b5b80000, 0x00000000c0000000)
  object space 93696K, 57% used [0x00000000b0000000,0x00000000b3431f58,0x00000000b5b80000)
Event: 514.425 GC heap after
Heap after GC invocations=14 (full 3):
 PSYoungGen      total 287744K, used 0K [0x00000000eaa80000, 0x0000000100000000, 0x0000000100000000)
  eden space 285184K, 0% used [0x00000000eaa80000,0x00000000eaa80000,0x00000000fc100000)
  from space 2560K, 0% used [0x00000000fc100000,0x00000000fc100000,0x00000000fc380000)
  to   space 33280K, 0% used [0x00000000fdf80000,0x00000000fdf80000,0x0000000100000000)
 ParOldGen       total 130048K, used 71422K [0x00000000c0000000, 0x00000000c7f00000, 0x00000000eaa80000)
  object space 130048K, 54% used [0x00000000c0000000,0x00000000c45bfa08,0x00000000c7f00000)
 PSPermGen       total 98304K, used 53443K [0x00000000b0000000, 0x00000000b6000000, 0x00000000c0000000)
  object space 98304K, 54% used [0x00000000b0000000,0x00000000b3430d28,0x00000000b6000000)
}

