# JRE version: Java(TM) SE Runtime Environment (7.0_55-b13) (build 1.7.0_55-b13)
# Java VM: Java HotSpot(TM) 64-Bit Server VM (24.55-b03 mixed mode windows-amd64 compressed oops)
Heap
 PSYoungGen      total 302080K, used 184103K [0x00000000eaa80000, 0x0000000100000000, 0x0000000100000000)
  eden space 283136K, 58% used [0x00000000eaa80000,0x00000000f4bcdc30,0x00000000fbf00000)
  from space 18944K, 99% used [0x00000000fed80000,0x00000000ffffc010,0x0000000100000000)
  to   space 33280K, 0% used [0x00000000fbf00000,0x00000000fbf00000,0x00000000fdf80000)
 ParOldGen       total 130048K, used 68348K [0x00000000c0000000, 0x00000000c7f00000, 0x00000000eaa80000)
  object space 130048K, 52% used [0x00000000c0000000,0x00000000c42bf038,0x00000000c7f00000)
 PSPermGen       total 74240K, used 57039K [0x00000000b0000000, 0x00000000b4880000, 0x00000000c0000000)
  object space 74240K, 76% used [0x00000000b0000000,0x00000000b37b3c80,0x00000000b4880000)
GC Heap History (10 events):
Event: 36.052 GC heap before
{Heap before GC invocations=7 (full 0):
 PSYoungGen      total 207872K, used 206536K [0x00000000eaa80000, 0x00000000f7f80000, 0x0000000100000000)
  eden space 198656K, 100% used [0x00000000eaa80000,0x00000000f6c80000,0x00000000f6c80000)
  from space 9216K, 85% used [0x00000000f7680000,0x00000000f7e32100,0x00000000f7f80000)
  to   space 9728K, 0% used [0x00000000f6c80000,0x00000000f6c80000,0x00000000f7600000)
 ParOldGen       total 130048K, used 3312K [0x00000000c0000000, 0x00000000c7f00000, 0x00000000eaa80000)
  object space 130048K, 2% used [0x00000000c0000000,0x00000000c033c088,0x00000000c7f00000)
 PSPermGen       total 21504K, used 20799K [0x00000000b0000000, 0x00000000b1500000, 0x00000000c0000000)
  object space 21504K, 96% used [0x00000000b0000000,0x00000000b144fd40,0x00000000b1500000)
Event: 36.086 GC heap after
Heap after GC invocations=7 (full 0):
 PSYoungGen      total 208384K, used 8619K [0x00000000eaa80000, 0x0000000100000000, 0x0000000100000000)
  eden space 198656K, 0% used [0x00000000eaa80000,0x00000000eaa80000,0x00000000f6c80000)
  from space 9728K, 88% used [0x00000000f6c80000,0x00000000f74eaef0,0x00000000f7600000)
  to   space 9728K, 0% used [0x00000000ff680000,0x00000000ff680000,0x0000000100000000)
 ParOldGen       total 130048K, used 8236K [0x00000000c0000000, 0x00000000c7f00000, 0x00000000eaa80000)
  object space 130048K, 6% used [0x00000000c0000000,0x00000000c080b128,0x00000000c7f00000)
 PSPermGen       total 21504K, used 20799K [0x00000000b0000000, 0x00000000b1500000, 0x00000000c0000000)
  object space 21504K, 96% used [0x00000000b0000000,0x00000000b144fd40,0x00000000b1500000)
}
Event: 44.685 GC heap before
{Heap before GC invocations=8 (full 0):
 PSYoungGen      total 208384K, used 207275K [0x00000000eaa80000, 0x0000000100000000, 0x0000000100000000)
  eden space 198656K, 100% used [0x00000000eaa80000,0x00000000f6c80000,0x00000000f6c80000)
  from space 9728K, 88% used [0x00000000f6c80000,0x00000000f74eaef0,0x00000000f7600000)
  to   space 9728K, 0% used [0x00000000ff680000,0x00000000ff680000,0x0000000100000000)
 ParOldGen       total 130048K, used 8236K [0x00000000c0000000, 0x00000000c7f00000, 0x00000000eaa80000)
  object space 130048K, 6% used [0x00000000c0000000,0x00000000c080b128,0x00000000c7f00000)
 PSPermGen       total 32256K, used 31787K [0x00000000b0000000, 0x00000000b1f80000, 0x00000000c0000000)
  object space 32256K, 98% used [0x00000000b0000000,0x00000000b1f0aee8,0x00000000b1f80000)
Event: 46.821 GC heap after
Heap after GC invocations=8 (full 0):
 PSYoungGen      total 321536K, used 9728K [0x00000000eaa80000, 0x0000000100000000, 0x0000000100000000)
  eden space 311808K, 0% used [0x00000000eaa80000,0x00000000eaa80000,0x00000000fdb00000)
  from space 9728K, 100% used [0x00000000ff680000,0x0000000100000000,0x0000000100000000)
  to   space 18944K, 0% used [0x00000000fdb00000,0x00000000fdb00000,0x00000000fed80000)
 ParOldGen       total 130048K, used 28093K [0x00000000c0000000, 0x00000000c7f00000, 0x00000000eaa80000)
  object space 130048K, 21% used [0x00000000c0000000,0x00000000c1b6f600,0x00000000c7f00000)
 PSPermGen       total 32256K, used 31787K [0x00000000b0000000, 0x00000000b1f80000, 0x00000000c0000000)
  object space 32256K, 98% used [0x00000000b0000000,0x00000000b1f0aee8,0x00000000b1f80000)
}
Event: 53.647 GC heap before
{Heap before GC invocations=9 (full 0):
 PSYoungGen      total 321536K, used 156675K [0x00000000eaa80000, 0x0000000100000000, 0x0000000100000000)
  eden space 311808K, 47% used [0x00000000eaa80000,0x00000000f3a00f60,0x00000000fdb00000)
  from space 9728K, 100% used [0x00000000ff680000,0x0000000100000000,0x0000000100000000)
  to   space 18944K, 0% used [0x00000000fdb00000,0x00000000fdb00000,0x00000000fed80000)
 ParOldGen       total 130048K, used 28093K [0x00000000c0000000, 0x00000000c7f00000, 0x00000000eaa80000)
  object space 130048K, 21% used [0x00000000c0000000,0x00000000c1b6f600,0x00000000c7f00000)
 PSPermGen       total 37376K, used 36975K [0x00000000b0000000, 0x00000000b2480000, 0x00000000c0000000)
  object space 37376K, 98% used [0x00000000b0000000,0x00000000b241bc08,0x00000000b2480000)
Event: 53.806 GC heap after
Heap after GC invocations=9 (full 0):
 PSYoungGen      total 330752K, used 18928K [0x00000000eaa80000, 0x0000000100000000, 0x0000000100000000)
  eden space 311808K, 0% used [0x00000000eaa80000,0x00000000eaa80000,0x00000000fdb00000)
  from space 18944K, 99% used [0x00000000fdb00000,0x00000000fed7c168,0x00000000fed80000)
  to   space 18944K, 0% used [0x00000000fed80000,0x00000000fed80000,0x0000000100000000)
 ParOldGen       total 130048K, used 35166K [0x00000000c0000000, 0x00000000c7f00000, 0x00000000eaa80000)
  object space 130048K, 27% used [0x00000000c0000000,0x00000000c2257870,0x00000000c7f00000)
 PSPermGen       total 37376K, used 36975K [0x00000000b0000000, 0x00000000b2480000, 0x00000000c0000000)
  object space 37376K, 98% used [0x00000000b0000000,0x00000000b241bc08,0x00000000b2480000)
}
Event: 53.807 GC heap before
{Heap before GC invocations=10 (full 1):
 PSYoungGen      total 330752K, used 18928K [0x00000000eaa80000, 0x0000000100000000, 0x0000000100000000)
  eden space 311808K, 0% used [0x00000000eaa80000,0x00000000eaa80000,0x00000000fdb00000)
  from space 18944K, 99% used [0x00000000fdb00000,0x00000000fed7c168,0x00000000fed80000)
  to   space 18944K, 0% used [0x00000000fed80000,0x00000000fed80000,0x0000000100000000)
 ParOldGen       total 130048K, used 35166K [0x00000000c0000000, 0x00000000c7f00000, 0x00000000eaa80000)
  object space 130048K, 27% used [0x00000000c0000000,0x00000000c2257870,0x00000000c7f00000)
 PSPermGen       total 37376K, used 36975K [0x00000000b0000000, 0x00000000b2480000, 0x00000000c0000000)
  object space 37376K, 98% used [0x00000000b0000000,0x00000000b241bc08,0x00000000b2480000)
Event: 55.013 GC heap after
Heap after GC invocations=10 (full 1):
 PSYoungGen      total 330752K, used 0K [0x00000000eaa80000, 0x0000000100000000, 0x0000000100000000)
  eden space 311808K, 0% used [0x00000000eaa80000,0x00000000eaa80000,0x00000000fdb00000)
  from space 18944K, 0% used [0x00000000fdb00000,0x00000000fdb00000,0x00000000fed80000)
  to   space 18944K, 0% used [0x00000000fed80000,0x00000000fed80000,0x0000000100000000)
 ParOldGen       total 130048K, used 47337K [0x00000000c0000000, 0x00000000c7f00000, 0x00000000eaa80000)
  object space 130048K, 36% used [0x00000000c0000000,0x00000000c2e3a4e8,0x00000000c7f00000)
 PSPermGen       total 74240K, used 36956K [0x00000000b0000000, 0x00000000b4880000, 0x00000000c0000000)
  object space 74240K, 49% used [0x00000000b0000000,0x00000000b2417300,0x00000000b4880000)
}
Event: 379.182 GC heap before
{Heap before GC invocations=11 (full 1):
 PSYoungGen      total 330752K, used 311808K [0x00000000eaa80000, 0x0000000100000000, 0x0000000100000000)
  eden space 311808K, 100% used [0x00000000eaa80000,0x00000000fdb00000,0x00000000fdb00000)
  from space 18944K, 0% used [0x00000000fdb00000,0x00000000fdb00000,0x00000000fed80000)
  to   space 18944K, 0% used [0x00000000fed80000,0x00000000fed80000,0x0000000100000000)
 ParOldGen       total 130048K, used 47337K [0x00000000c0000000, 0x00000000c7f00000, 0x00000000eaa80000)
  object space 130048K, 36% used [0x00000000c0000000,0x00000000c2e3a4e8,0x00000000c7f00000)
 PSPermGen       total 74240K, used 48906K [0x00000000b0000000, 0x00000000b4880000, 0x00000000c0000000)
  object space 74240K, 65% used [0x00000000b0000000,0x00000000b2fc2828,0x00000000b4880000)
Event: 379.358 GC heap after
Heap after GC invocations=11 (full 1):
 PSYoungGen      total 302080K, used 18928K [0x00000000eaa80000, 0x0000000100000000, 0x0000000100000000)
  eden space 283136K, 0% used [0x00000000eaa80000,0x00000000eaa80000,0x00000000fbf00000)
  from space 18944K, 99% used [0x00000000fed80000,0x00000000ffffc010,0x0000000100000000)
  to   space 33280K, 0% used [0x00000000fbf00000,0x00000000fbf00000,0x00000000fdf80000)
 ParOldGen       total 130048K, used 68348K [0x00000000c0000000, 0x00000000c7f00000, 0x00000000eaa80000)
  object space 130048K, 52% used [0x00000000c0000000,0x00000000c42bf038,0x00000000c7f00000)
 PSPermGen       total 74240K, used 48906K [0x00000000b0000000, 0x00000000b4880000, 0x00000000c0000000)
  object space 74240K, 65% used [0x00000000b0000000,0x00000000b2fc2828,0x00000000b4880000)
}

